CRITICAL - 2025-06-16 00:51:09 --> CodeIgniter\HTTP\Exceptions\BadRequestException: The URI you submitted has disallowed characters: "胎'"
[Method: GET, Route: cn/%E8%83%8E%27]
in SYSTEMPATH/Router/Router.php on line 739.
 1 SYSTEMPATH/Router/Router.php(207): CodeIgniter\Router\Router->checkDisallowedChars('cn/胎\'')
 2 SYSTEMPATH/CodeIgniter.php(832): CodeIgniter\Router\Router->handle('cn/胎\'')
 3 SYSTEMPATH/CodeIgniter.php(455): CodeIgniter\CodeIgniter->tryToRouteIt(Object(CodeIgniter\Router\RouteCollection))
 4 SYSTEMPATH/CodeIgniter.php(354): CodeIgniter\CodeIgniter->handleRequest(null, Object(Config\Cache), false)
 5 SYSTEMPATH/Boot.php(334): CodeIgniter\CodeIgniter->run()
 6 SYSTEMPATH/Boot.php(67): CodeIgniter\Boot::runCodeIgniter(Object(CodeIgniter\CodeIgniter))
 7 FCPATH/index.php(56): CodeIgniter\Boot::bootWeb(Object(Config\Paths))
 8 SYSTEMPATH/rewrite.php(44): require_once('/var/www/public/index.php')
CRITICAL - 2025-06-16 00:51:31 --> CodeIgniter\HTTP\Exceptions\BadRequestException: The URI you submitted has disallowed characters: "胎'"
[Method: GET, Route: cn/%E8%83%8E%27]
in SYSTEMPATH/Router/Router.php on line 739.
 1 SYSTEMPATH/Router/Router.php(207): CodeIgniter\Router\Router->checkDisallowedChars('cn/胎\'')
 2 SYSTEMPATH/CodeIgniter.php(832): CodeIgniter\Router\Router->handle('cn/胎\'')
 3 SYSTEMPATH/CodeIgniter.php(455): CodeIgniter\CodeIgniter->tryToRouteIt(Object(CodeIgniter\Router\RouteCollection))
 4 SYSTEMPATH/CodeIgniter.php(354): CodeIgniter\CodeIgniter->handleRequest(null, Object(Config\Cache), false)
 5 SYSTEMPATH/Boot.php(334): CodeIgniter\CodeIgniter->run()
 6 SYSTEMPATH/Boot.php(67): CodeIgniter\Boot::runCodeIgniter(Object(CodeIgniter\CodeIgniter))
 7 FCPATH/index.php(56): CodeIgniter\Boot::bootWeb(Object(Config\Paths))
 8 SYSTEMPATH/rewrite.php(44): require_once('/var/www/public/index.php')
CRITICAL - 2025-06-16 06:25:17 --> CodeIgniter\HTTP\Exceptions\HTTPException: Invalid HTTP Protocol Version: 0.9
[Method: GET, Route: /]
in SYSTEMPATH/HTTP/MessageTrait.php on line 292.
 1 SYSTEMPATH/HTTP/MessageTrait.php(292): CodeIgniter\HTTP\Exceptions\HTTPException::forInvalidHTTPProtocol('0.9')
 2 SYSTEMPATH/Config/Services.php(546): CodeIgniter\HTTP\Message->setProtocolVersion('0.9')
 3 SYSTEMPATH/Config/BaseService.php(321): CodeIgniter\Config\Services::createRequest(Object(Config\App))
 4 SYSTEMPATH/CodeIgniter.php(650): CodeIgniter\Config\BaseService::__callStatic('createRequest', [...])
 5 SYSTEMPATH/CodeIgniter.php(336): CodeIgniter\CodeIgniter->getRequestObject()
 6 SYSTEMPATH/Boot.php(334): CodeIgniter\CodeIgniter->run()
 7 SYSTEMPATH/Boot.php(67): CodeIgniter\Boot::runCodeIgniter(Object(CodeIgniter\CodeIgniter))
 8 FCPATH/index.php(56): CodeIgniter\Boot::bootWeb(Object(Config\Paths))
 9 SYSTEMPATH/rewrite.php(44): require_once('/var/www/public/index.php')
